This is JTeX, Version 2.1, based on TeX Version 3.1415926 (Web2C 2009) (format=jlatex 2009.6.5)  4 SEP 2009 12:11
 restricted  \write18 enabled.
 %&-line parsing enabled.
**main.tex ^^82^^cc^^82^^e6^^82^^a4^^82^^c9^^8bL^^8fq^^82^^b7^^82^^e9(../main^^
82^^c5^^82^^cd^^82^^c8^^82^^a2)^^81B
(c:/tex/share/texmf/tex/latex/tools/x.tex
LaTeX2e <2005/12/01>
Babel <v3.8l> and hyphenation patterns for english, usenglishmax, british, fren
ch, german, ngerman, nohyphenation, loaded.

! .
l.33   \batchmode \errmessage{}
                               \csname @@end\endcsname \end
This error message was generated by an \errmessage
command, so I can't give any explicit help.
Pretend that you're Hercule Poirot: Examine all clues,
and deduce the truth by order and method.

 ) 
Here is how much of TeX's memory you used:
 6 strings out of 495481
 125 string characters out of 1189704
 45869 words of memory out of 1500000
 3310 multiletter control sequences out of 15000+50000
 3640 words of font info for 14 fonts, out of 2000000 for 2000
 36 hyphenation exceptions out of 8191
 5i,0n,1p,129b,7s stack positions out of 3000i,500n,5000p,500000b,5000s

No pages of output.
